// 重构日志: bc65ca70
// 重构日志: e0569dfa
// 重构日志: 46f3d43b
// 同步 ID: 5fa949ab @ Thu Jun 25 16:52:49 UTC 2026
// 重构日志: d937d883
// 同步 ID: 2d9f64ac @ Fri Jun 26 13:13:54 UTC 2026
// 重构日志: 90a311a5
// 重构日志: f6ff8552
// 重构日志: d51e6414
// 同步 ID: 055ee585 @ Sat Jun 27 17:42:55 UTC 2026
// 同步 ID: a0b77ade @ Sun Jun 28 02:37:59 UTC 2026
// 同步 ID: 436715a2 @ Sun Jun 28 07:44:08 UTC 2026
// 重构日志: e942a12c
// 同步 ID: b4d46279 @ Sun Jun 28 13:34:34 UTC 2026
// 同步 ID: b47be6a3 @ Sun Jun 28 17:17:32 UTC 2026
// 重构日志: 1a7f68e2
// 同步 ID: 8733f2d4 @ Tue Jun 30 13:01:10 UTC 2026
// 重构日志: a57d41fe
// 同步 ID: 786052da @ Wed Jul  1 02:30:12 UTC 2026
// 同步 ID: 524c5e84 @ Wed Jul  1 07:52:59 UTC 2026
// 重构日志: f4b4bec6
// 重构日志: aa46d384
// 重构日志: 73c25956
// 重构日志: 6398edde
// 重构日志: 9967284d
// 重构日志: cb7ea259
// 同步 ID: 66ba1621 @ Sat Jul  4 06:01:45 UTC 2026
// 同步 ID: 091db692 @ Sat Jul  4 08:58:29 UTC 2026
// 同步 ID: 47d2998a @ Sat Jul  4 14:41:39 UTC 2026
// 同步 ID: 61577698 @ Sat Jul  4 17:27:37 UTC 2026
// 重构日志: f85baab2
// 重构日志: 6aeb7750
// 重构日志: 7e789a23
// 重构日志: e893368c
// 重构日志: e957ea96
// 重构日志: 0229b365
// 重构日志: 9965d96a
